# JRE version: Java(TM) SE Runtime Environment (8.0_60-b27) (build 1.8.0_60-b27)
# Java VM: Java HotSpot(TM) 64-Bit Server VM (25.60-b23 mixed mode windows-amd64 compressed oops)
Heap:
 PSYoungGen      total 101376K, used 73640K [0x00000000eb400000, 0x00000000f1b00000, 0x0000000100000000)
  eden space 97280K, 73% used [0x00000000eb400000,0x00000000ef9b7b80,0x00000000f1300000)
  from space 4096K, 54% used [0x00000000f1700000,0x00000000f1932810,0x00000000f1b00000)
  to   space 4096K, 0% used [0x00000000f1300000,0x00000000f1300000,0x00000000f1700000)
 ParOldGen       total 33280K, used 10507K [0x00000000c1c00000, 0x00000000c3c80000, 0x00000000eb400000)
  object space 33280K, 31% used [0x00000000c1c00000,0x00000000c2642c70,0x00000000c3c80000)
 Metaspace       used 26362K, capacity 27206K, committed 27520K, reserved 1073152K
  class space    used 3438K, capacity 3656K, committed 3712K, reserved 1048576K
GC Heap History (10 events):
Event: 10.194 GC heap before
{Heap before GC invocations=9 (full 1):
 PSYoungGen      total 34816K, used 31737K [0x00000000eb400000, 0x00000000ee700000, 0x0000000100000000)
  eden space 29696K, 99% used [0x00000000eb400000,0x00000000ed0f71a8,0x00000000ed100000)
  from space 5120K, 40% used [0x00000000ed100000,0x00000000ed307350,0x00000000ed600000)
  to   space 4608K, 0% used [0x00000000ee280000,0x00000000ee280000,0x00000000ee700000)
 ParOldGen       total 33280K, used 10137K [0x00000000c1c00000, 0x00000000c3c80000, 0x00000000eb400000)
  object space 33280K, 30% used [0x00000000c1c00000,0x00000000c25e6790,0x00000000c3c80000)
 Metaspace       used 23069K, capacity 23850K, committed 24064K, reserved 1071104K
  class space    used 3040K, capacity 3244K, committed 3328K, reserved 1048576K
Event: 10.197 GC heap after
Heap after GC invocations=9 (full 1):
 PSYoungGen      total 47616K, used 2131K [0x00000000eb400000, 0x00000000eee80000, 0x0000000100000000)
  eden space 43008K, 0% used [0x00000000eb400000,0x00000000eb400000,0x00000000ede00000)
  from space 4608K, 46% used [0x00000000ee280000,0x00000000ee494d60,0x00000000ee700000)
  to   space 4608K, 0% used [0x00000000ede00000,0x00000000ede00000,0x00000000ee280000)
 ParOldGen       total 33280K, used 10145K [0x00000000c1c00000, 0x00000000c3c80000, 0x00000000eb400000)
  object space 33280K, 30% used [0x00000000c1c00000,0x00000000c25e8790,0x00000000c3c80000)
 Metaspace       used 23069K, capacity 23850K, committed 24064K, reserved 1071104K
  class space    used 3040K, capacity 3244K, committed 3328K, reserved 1048576K
}
Event: 10.219 GC heap before
{Heap before GC invocations=10 (full 1):
 PSYoungGen      total 47616K, used 45138K [0x00000000eb400000, 0x00000000eee80000, 0x0000000100000000)
  eden space 43008K, 99% used [0x00000000eb400000,0x00000000eddffac8,0x00000000ede00000)
  from space 4608K, 46% used [0x00000000ee280000,0x00000000ee494d60,0x00000000ee700000)
  to   space 4608K, 0% used [0x00000000ede00000,0x00000000ede00000,0x00000000ee280000)
 ParOldGen       total 33280K, used 10145K [0x00000000c1c00000, 0x00000000c3c80000, 0x00000000eb400000)
  object space 33280K, 30% used [0x00000000c1c00000,0x00000000c25e8790,0x00000000c3c80000)
 Metaspace       used 23069K, capacity 23850K, committed 24064K, reserved 1071104K
  class space    used 3040K, capacity 3244K, committed 3328K, reserved 1048576K
Event: 10.222 GC heap after
Heap after GC invocations=10 (full 1):
 PSYoungGen      total 47616K, used 2276K [0x00000000eb400000, 0x00000000efa00000, 0x0000000100000000)
  eden space 43008K, 0% used [0x00000000eb400000,0x00000000eb400000,0x00000000ede00000)
  from space 4608K, 49% used [0x00000000ede00000,0x00000000ee0390e0,0x00000000ee280000)
  to   space 4096K, 0% used [0x00000000ef600000,0x00000000ef600000,0x00000000efa00000)
 ParOldGen       total 33280K, used 10153K [0x00000000c1c00000, 0x00000000c3c80000, 0x00000000eb400000)
  object space 33280K, 30% used [0x00000000c1c00000,0x00000000c25ea790,0x00000000c3c80000)
 Metaspace       used 23069K, capacity 23850K, committed 24064K, reserved 1071104K
  class space    used 3040K, capacity 3244K, committed 3328K, reserved 1048576K
}
Event: 10.243 GC heap before
{Heap before GC invocations=11 (full 1):
 PSYoungGen      total 47616K, used 45248K [0x00000000eb400000, 0x00000000efa00000, 0x0000000100000000)
  eden space 43008K, 99% used [0x00000000eb400000,0x00000000eddf70a8,0x00000000ede00000)
  from space 4608K, 49% used [0x00000000ede00000,0x00000000ee0390e0,0x00000000ee280000)
  to   space 4096K, 0% used [0x00000000ef600000,0x00000000ef600000,0x00000000efa00000)
 ParOldGen       total 33280K, used 10153K [0x00000000c1c00000, 0x00000000c3c80000, 0x00000000eb400000)
  object space 33280K, 30% used [0x00000000c1c00000,0x00000000c25ea790,0x00000000c3c80000)
 Metaspace       used 23075K, capacity 23850K, committed 24064K, reserved 1071104K
  class space    used 3040K, capacity 3244K, committed 3328K, reserved 1048576K
Event: 10.249 GC heap after
Heap after GC invocations=11 (full 1):
 PSYoungGen      total 67584K, used 2387K [0x00000000eb400000, 0x00000000efc80000, 0x0000000100000000)
  eden space 63488K, 0% used [0x00000000eb400000,0x00000000eb400000,0x00000000ef200000)
  from space 4096K, 58% used [0x00000000ef600000,0x00000000ef854f08,0x00000000efa00000)
  to   space 4096K, 0% used [0x00000000ef200000,0x00000000ef200000,0x00000000ef600000)
 ParOldGen       total 33280K, used 10161K [0x00000000c1c00000, 0x00000000c3c80000, 0x00000000eb400000)
  object space 33280K, 30% used [0x00000000c1c00000,0x00000000c25ec790,0x00000000c3c80000)
 Metaspace       used 23075K, capacity 23850K, committed 24064K, reserved 1071104K
  class space    used 3040K, capacity 3244K, committed 3328K, reserved 1048576K
}
Event: 10.281 GC heap before
{Heap before GC invocations=12 (full 1):
 PSYoungGen      total 67584K, used 65566K [0x00000000eb400000, 0x00000000efc80000, 0x0000000100000000)
  eden space 63488K, 99% used [0x00000000eb400000,0x00000000ef1b2aa8,0x00000000ef200000)
  from space 4096K, 58% used [0x00000000ef600000,0x00000000ef854f08,0x00000000efa00000)
  to   space 4096K, 0% used [0x00000000ef200000,0x00000000ef200000,0x00000000ef600000)
 ParOldGen       total 33280K, used 10161K [0x00000000c1c00000, 0x00000000c3c80000, 0x00000000eb400000)
  object space 33280K, 30% used [0x00000000c1c00000,0x00000000c25ec790,0x00000000c3c80000)
 Metaspace       used 23076K, capacity 23850K, committed 24064K, reserved 1071104K
  class space    used 3040K, capacity 3244K, committed 3328K, reserved 1048576K
Event: 10.285 GC heap after
Heap after GC invocations=12 (full 1):
 PSYoungGen      total 67584K, used 2419K [0x00000000eb400000, 0x00000000f1b00000, 0x0000000100000000)
  eden space 63488K, 0% used [0x00000000eb400000,0x00000000eb400000,0x00000000ef200000)
  from space 4096K, 59% used [0x00000000ef200000,0x00000000ef45ce78,0x00000000ef600000)
  to   space 4096K, 0% used [0x00000000f1700000,0x00000000f1700000,0x00000000f1b00000)
 ParOldGen       total 33280K, used 10249K [0x00000000c1c00000, 0x00000000c3c80000, 0x00000000eb400000)
  object space 33280K, 30% used [0x00000000c1c00000,0x00000000c2602790,0x00000000c3c80000)
 Metaspace       used 23076K, capacity 23850K, committed 24064K, reserved 1071104K
  class space    used 3040K, capacity 3244K, committed 3328K, reserved 1048576K
}
Event: 10.318 GC heap before
{Heap before GC invocations=13 (full 1):
 PSYoungGen      total 67584K, used 65766K [0x00000000eb400000, 0x00000000f1b00000, 0x0000000100000000)
  eden space 63488K, 99% used [0x00000000eb400000,0x00000000ef1dcb60,0x00000000ef200000)
  from space 4096K, 59% used [0x00000000ef200000,0x00000000ef45ce78,0x00000000ef600000)
  to   space 4096K, 0% used [0x00000000f1700000,0x00000000f1700000,0x00000000f1b00000)
 ParOldGen       total 33280K, used 10249K [0x00000000c1c00000, 0x00000000c3c80000, 0x00000000eb400000)
  object space 33280K, 30% used [0x00000000c1c00000,0x00000000c2602790,0x00000000c3c80000)
 Metaspace       used 23080K, capacity 23850K, committed 24064K, reserved 1071104K
  class space    used 3040K, capacity 3244K, committed 3328K, reserved 1048576K
Event: 10.321 GC heap after
Heap after GC invocations=13 (full 1):
 PSYoungGen      total 101376K, used 2250K [0x00000000eb400000, 0x00000000f1b00000, 0x0000000100000000)
  eden space 97280K, 0% used [0x00000000eb400000,0x00000000eb400000,0x00000000f1300000)
  from space 4096K, 54% used [0x00000000f1700000,0x00000000f1932810,0x00000000f1b00000)
  to   space 4096K, 0% used [0x00000000f1300000,0x00000000f1300000,0x00000000f1700000)
 ParOldGen       total 33280K, used 10507K [0x00000000c1c00000, 0x00000000c3c80000, 0x00000000eb400000)
  object space 33280K, 31% used [0x00000000c1c00000,0x00000000c2642c70,0x00000000c3c80000)
 Metaspace       used 23080K, capacity 23850K, committed 24064K, reserved 1071104K
  class space    used 3040K, capacity 3244K, committed 3328K, reserved 1048576K
}

