# JRE version: Java(TM) SE Runtime Environment (8.0_60-b27) (build 1.8.0_60-b27)
# Java VM: Java HotSpot(TM) 64-Bit Server VM (25.60-b23 mixed mode windows-amd64 compressed oops)
Heap:
 PSYoungGen      total 83456K, used 45525K [0x00000000eb400000, 0x00000000f3380000, 0x0000000100000000)
  eden space 75776K, 59% used [0x00000000eb400000,0x00000000edfd5ac8,0x00000000efe00000)
  from space 7680K, 8% used [0x00000000efe00000,0x00000000efe9f978,0x00000000f0580000)
  to   space 7680K, 0% used [0x00000000f2c00000,0x00000000f2c00000,0x00000000f3380000)
 ParOldGen       total 39424K, used 20237K [0x00000000c1c00000, 0x00000000c4280000, 0x00000000eb400000)
  object space 39424K, 51% used [0x00000000c1c00000,0x00000000c2fc36e0,0x00000000c4280000)
 Metaspace       used 26527K, capacity 27714K, committed 28032K, reserved 1073152K
  class space    used 3617K, capacity 3886K, committed 3968K, reserved 1048576K
GC Heap History (10 events):
Event: 7.481 GC heap before
{Heap before GC invocations=8 (full 1):
 PSYoungGen      total 34304K, used 26025K [0x00000000eb400000, 0x00000000ee400000, 0x0000000100000000)
  eden space 25600K, 99% used [0x00000000eb400000,0x00000000eccf4440,0x00000000ecd00000)
  from space 8704K, 5% used [0x00000000ed580000,0x00000000ed5f62c8,0x00000000ede00000)
  to   space 8704K, 0% used [0x00000000ecd00000,0x00000000ecd00000,0x00000000ed580000)
 ParOldGen       total 39424K, used 9345K [0x00000000c1c00000, 0x00000000c4280000, 0x00000000eb400000)
  object space 39424K, 23% used [0x00000000c1c00000,0x00000000c2520598,0x00000000c4280000)
 Metaspace       used 20749K, capacity 21798K, committed 22016K, reserved 1069056K
  class space    used 3020K, capacity 3264K, committed 3328K, reserved 1048576K
Event: 7.482 GC heap after
Heap after GC invocations=8 (full 1):
 PSYoungGen      total 34304K, used 509K [0x00000000eb400000, 0x00000000ef400000, 0x0000000100000000)
  eden space 25600K, 0% used [0x00000000eb400000,0x00000000eb400000,0x00000000ecd00000)
  from space 8704K, 5% used [0x00000000ecd00000,0x00000000ecd7f7a0,0x00000000ed580000)
  to   space 8192K, 0% used [0x00000000eec00000,0x00000000eec00000,0x00000000ef400000)
 ParOldGen       total 39424K, used 9353K [0x00000000c1c00000, 0x00000000c4280000, 0x00000000eb400000)
  object space 39424K, 23% used [0x00000000c1c00000,0x00000000c2522598,0x00000000c4280000)
 Metaspace       used 20749K, capacity 21798K, committed 22016K, reserved 1069056K
  class space    used 3020K, capacity 3264K, committed 3328K, reserved 1048576K
}
Event: 7.500 GC heap before
{Heap before GC invocations=9 (full 1):
 PSYoungGen      total 34304K, used 26109K [0x00000000eb400000, 0x00000000ef400000, 0x0000000100000000)
  eden space 25600K, 99% used [0x00000000eb400000,0x00000000eccffe00,0x00000000ecd00000)
  from space 8704K, 5% used [0x00000000ecd00000,0x00000000ecd7f7a0,0x00000000ed580000)
  to   space 8192K, 0% used [0x00000000eec00000,0x00000000eec00000,0x00000000ef400000)
 ParOldGen       total 39424K, used 9353K [0x00000000c1c00000, 0x00000000c4280000, 0x00000000eb400000)
  object space 39424K, 23% used [0x00000000c1c00000,0x00000000c2522598,0x00000000c4280000)
 Metaspace       used 20749K, capacity 21798K, committed 22016K, reserved 1069056K
  class space    used 3020K, capacity 3264K, committed 3328K, reserved 1048576K
Event: 7.502 GC heap after
Heap after GC invocations=9 (full 1):
 PSYoungGen      total 57344K, used 578K [0x00000000eb400000, 0x00000000ef400000, 0x0000000100000000)
  eden space 49152K, 0% used [0x00000000eb400000,0x00000000eb400000,0x00000000ee400000)
  from space 8192K, 7% used [0x00000000eec00000,0x00000000eec90af0,0x00000000ef400000)
  to   space 8192K, 0% used [0x00000000ee400000,0x00000000ee400000,0x00000000eec00000)
 ParOldGen       total 39424K, used 9353K [0x00000000c1c00000, 0x00000000c4280000, 0x00000000eb400000)
  object space 39424K, 23% used [0x00000000c1c00000,0x00000000c2522598,0x00000000c4280000)
 Metaspace       used 20749K, capacity 21798K, committed 22016K, reserved 1069056K
  class space    used 3020K, capacity 3264K, committed 3328K, reserved 1048576K
}
Event: 7.528 GC heap before
{Heap before GC invocations=10 (full 1):
 PSYoungGen      total 57344K, used 49726K [0x00000000eb400000, 0x00000000ef400000, 0x0000000100000000)
  eden space 49152K, 99% used [0x00000000eb400000,0x00000000ee3fed48,0x00000000ee400000)
  from space 8192K, 7% used [0x00000000eec00000,0x00000000eec90af0,0x00000000ef400000)
  to   space 8192K, 0% used [0x00000000ee400000,0x00000000ee400000,0x00000000eec00000)
 ParOldGen       total 39424K, used 9488K [0x00000000c1c00000, 0x00000000c4280000, 0x00000000eb400000)
  object space 39424K, 24% used [0x00000000c1c00000,0x00000000c2544118,0x00000000c4280000)
 Metaspace       used 20751K, capacity 21798K, committed 22016K, reserved 1069056K
  class space    used 3020K, capacity 3264K, committed 3328K, reserved 1048576K
Event: 7.530 GC heap after
Heap after GC invocations=10 (full 1):
 PSYoungGen      total 57344K, used 230K [0x00000000eb400000, 0x00000000f0e80000, 0x0000000100000000)
  eden space 49152K, 0% used [0x00000000eb400000,0x00000000eb400000,0x00000000ee400000)
  from space 8192K, 2% used [0x00000000ee400000,0x00000000ee439b38,0x00000000eec00000)
  to   space 8192K, 0% used [0x00000000f0680000,0x00000000f0680000,0x00000000f0e80000)
 ParOldGen       total 39424K, used 9934K [0x00000000c1c00000, 0x00000000c4280000, 0x00000000eb400000)
  object space 39424K, 25% used [0x00000000c1c00000,0x00000000c25b3b28,0x00000000c4280000)
 Metaspace       used 20751K, capacity 21798K, committed 22016K, reserved 1069056K
  class space    used 3020K, capacity 3264K, committed 3328K, reserved 1048576K
}
Event: 7.555 GC heap before
{Heap before GC invocations=11 (full 1):
 PSYoungGen      total 57344K, used 49335K [0x00000000eb400000, 0x00000000f0e80000, 0x0000000100000000)
  eden space 49152K, 99% used [0x00000000eb400000,0x00000000ee3f4198,0x00000000ee400000)
  from space 8192K, 2% used [0x00000000ee400000,0x00000000ee439b38,0x00000000eec00000)
  to   space 8192K, 0% used [0x00000000f0680000,0x00000000f0680000,0x00000000f0e80000)
 ParOldGen       total 39424K, used 20211K [0x00000000c1c00000, 0x00000000c4280000, 0x00000000eb400000)
  object space 39424K, 51% used [0x00000000c1c00000,0x00000000c2fbce28,0x00000000c4280000)
 Metaspace       used 20751K, capacity 21798K, committed 22016K, reserved 1069056K
  class space    used 3020K, capacity 3264K, committed 3328K, reserved 1048576K
Event: 7.556 GC heap after
Heap after GC invocations=11 (full 1):
 PSYoungGen      total 82432K, used 96K [0x00000000eb400000, 0x00000000f0d00000, 0x0000000100000000)
  eden space 75776K, 0% used [0x00000000eb400000,0x00000000eb400000,0x00000000efe00000)
  from space 6656K, 1% used [0x00000000f0680000,0x00000000f0698000,0x00000000f0d00000)
  to   space 7680K, 0% used [0x00000000efe00000,0x00000000efe00000,0x00000000f0580000)
 ParOldGen       total 39424K, used 20219K [0x00000000c1c00000, 0x00000000c4280000, 0x00000000eb400000)
  object space 39424K, 51% used [0x00000000c1c00000,0x00000000c2fbee28,0x00000000c4280000)
 Metaspace       used 20751K, capacity 21798K, committed 22016K, reserved 1069056K
  class space    used 3020K, capacity 3264K, committed 3328K, reserved 1048576K
}
Event: 7.682 GC heap before
{Heap before GC invocations=12 (full 1):
 PSYoungGen      total 82432K, used 75872K [0x00000000eb400000, 0x00000000f0d00000, 0x0000000100000000)
  eden space 75776K, 100% used [0x00000000eb400000,0x00000000efe00000,0x00000000efe00000)
  from space 6656K, 1% used [0x00000000f0680000,0x00000000f0698000,0x00000000f0d00000)
  to   space 7680K, 0% used [0x00000000efe00000,0x00000000efe00000,0x00000000f0580000)
 ParOldGen       total 39424K, used 20221K [0x00000000c1c00000, 0x00000000c4280000, 0x00000000eb400000)
  object space 39424K, 51% used [0x00000000c1c00000,0x00000000c2fbf6e0,0x00000000c4280000)
 Metaspace       used 20820K, capacity 21862K, committed 22016K, reserved 1069056K
  class space    used 3024K, capacity 3264K, committed 3328K, reserved 1048576K
Event: 7.684 GC heap after
Heap after GC invocations=12 (full 1):
 PSYoungGen      total 83456K, used 638K [0x00000000eb400000, 0x00000000f3380000, 0x0000000100000000)
  eden space 75776K, 0% used [0x00000000eb400000,0x00000000eb400000,0x00000000efe00000)
  from space 7680K, 8% used [0x00000000efe00000,0x00000000efe9f978,0x00000000f0580000)
  to   space 7680K, 0% used [0x00000000f2c00000,0x00000000f2c00000,0x00000000f3380000)
 ParOldGen       total 39424K, used 20237K [0x00000000c1c00000, 0x00000000c4280000, 0x00000000eb400000)
  object space 39424K, 51% used [0x00000000c1c00000,0x00000000c2fc36e0,0x00000000c4280000)
 Metaspace       used 20820K, capacity 21862K, committed 22016K, reserved 1069056K
  class space    used 3024K, capacity 3264K, committed 3328K, reserved 1048576K
}

