# JRE version: Java(TM) SE Runtime Environment (8.0_60-b27) (build 1.8.0_60-b27)
# Java VM: Java HotSpot(TM) 64-Bit Server VM (25.60-b23 mixed mode windows-amd64 compressed oops)
Heap:
 PSYoungGen      total 74752K, used 63334K [0x00000000eb400000, 0x00000000f2580000, 0x0000000100000000)
  eden space 69632K, 86% used [0x00000000eb400000,0x00000000eef21520,0x00000000ef800000)
  from space 5120K, 54% used [0x00000000ef800000,0x00000000efab84b0,0x00000000efd00000)
  to   space 5120K, 0% used [0x00000000f2080000,0x00000000f2080000,0x00000000f2580000)
 ParOldGen       total 34816K, used 5326K [0x00000000c1c00000, 0x00000000c3e00000, 0x00000000eb400000)
  object space 34816K, 15% used [0x00000000c1c00000,0x00000000c21338f8,0x00000000c3e00000)
 Metaspace       used 25459K, capacity 26330K, committed 26624K, reserved 1073152K
  class space    used 3356K, capacity 3540K, committed 3584K, reserved 1048576K
GC Heap History (10 events):
Event: 10.167 GC heap before
{Heap before GC invocations=10 (full 1):
 PSYoungGen      total 40448K, used 39946K [0x00000000eb400000, 0x00000000ee280000, 0x0000000100000000)
  eden space 35840K, 99% used [0x00000000eb400000,0x00000000ed6ffd78,0x00000000ed700000)
  from space 4608K, 89% used [0x00000000edc00000,0x00000000ee002da0,0x00000000ee080000)
  to   space 5120K, 0% used [0x00000000ed700000,0x00000000ed700000,0x00000000edc00000)
 ParOldGen       total 34816K, used 4981K [0x00000000c1c00000, 0x00000000c3e00000, 0x00000000eb400000)
  object space 34816K, 14% used [0x00000000c1c00000,0x00000000c20dd458,0x00000000c3e00000)
 Metaspace       used 23174K, capacity 23920K, committed 24064K, reserved 1071104K
  class space    used 3053K, capacity 3229K, committed 3328K, reserved 1048576K
Event: 10.170 GC heap after
Heap after GC invocations=10 (full 1):
 PSYoungGen      total 40960K, used 2749K [0x00000000eb400000, 0x00000000eeb80000, 0x0000000100000000)
  eden space 35840K, 0% used [0x00000000eb400000,0x00000000eb400000,0x00000000ed700000)
  from space 5120K, 53% used [0x00000000ed700000,0x00000000ed9af670,0x00000000edc00000)
  to   space 5120K, 0% used [0x00000000ee680000,0x00000000ee680000,0x00000000eeb80000)
 ParOldGen       total 34816K, used 4989K [0x00000000c1c00000, 0x00000000c3e00000, 0x00000000eb400000)
  object space 34816K, 14% used [0x00000000c1c00000,0x00000000c20df458,0x00000000c3e00000)
 Metaspace       used 23174K, capacity 23920K, committed 24064K, reserved 1071104K
  class space    used 3053K, capacity 3229K, committed 3328K, reserved 1048576K
}
Event: 10.196 GC heap before
{Heap before GC invocations=11 (full 1):
 PSYoungGen      total 40960K, used 38501K [0x00000000eb400000, 0x00000000eeb80000, 0x0000000100000000)
  eden space 35840K, 99% used [0x00000000eb400000,0x00000000ed6e9e60,0x00000000ed700000)
  from space 5120K, 53% used [0x00000000ed700000,0x00000000ed9af670,0x00000000edc00000)
  to   space 5120K, 0% used [0x00000000ee680000,0x00000000ee680000,0x00000000eeb80000)
 ParOldGen       total 34816K, used 4989K [0x00000000c1c00000, 0x00000000c3e00000, 0x00000000eb400000)
  object space 34816K, 14% used [0x00000000c1c00000,0x00000000c20df458,0x00000000c3e00000)
 Metaspace       used 23175K, capacity 23920K, committed 24064K, reserved 1071104K
  class space    used 3053K, capacity 3229K, committed 3328K, reserved 1048576K
Event: 10.204 GC heap after
Heap after GC invocations=11 (full 1):
 PSYoungGen      total 51200K, used 4431K [0x00000000eb400000, 0x00000000ef380000, 0x0000000100000000)
  eden space 46080K, 0% used [0x00000000eb400000,0x00000000eb400000,0x00000000ee100000)
  from space 5120K, 86% used [0x00000000ee680000,0x00000000eead3db0,0x00000000eeb80000)
  to   space 5632K, 0% used [0x00000000ee100000,0x00000000ee100000,0x00000000ee680000)
 ParOldGen       total 34816K, used 4989K [0x00000000c1c00000, 0x00000000c3e00000, 0x00000000eb400000)
  object space 34816K, 14% used [0x00000000c1c00000,0x00000000c20df458,0x00000000c3e00000)
 Metaspace       used 23175K, capacity 23920K, committed 24064K, reserved 1071104K
  class space    used 3053K, capacity 3229K, committed 3328K, reserved 1048576K
}
Event: 10.238 GC heap before
{Heap before GC invocations=12 (full 1):
 PSYoungGen      total 51200K, used 50412K [0x00000000eb400000, 0x00000000ef380000, 0x0000000100000000)
  eden space 46080K, 99% used [0x00000000eb400000,0x00000000ee0e7318,0x00000000ee100000)
  from space 5120K, 86% used [0x00000000ee680000,0x00000000eead3db0,0x00000000eeb80000)
  to   space 5632K, 0% used [0x00000000ee100000,0x00000000ee100000,0x00000000ee680000)
 ParOldGen       total 34816K, used 4989K [0x00000000c1c00000, 0x00000000c3e00000, 0x00000000eb400000)
  object space 34816K, 14% used [0x00000000c1c00000,0x00000000c20df458,0x00000000c3e00000)
 Metaspace       used 23175K, capacity 23920K, committed 24064K, reserved 1071104K
  class space    used 3053K, capacity 3229K, committed 3328K, reserved 1048576K
Event: 10.241 GC heap after
Heap after GC invocations=12 (full 1):
 PSYoungGen      total 51712K, used 2922K [0x00000000eb400000, 0x00000000f0280000, 0x0000000100000000)
  eden space 46080K, 0% used [0x00000000eb400000,0x00000000eb400000,0x00000000ee100000)
  from space 5632K, 51% used [0x00000000ee100000,0x00000000ee3da978,0x00000000ee680000)
  to   space 5632K, 0% used [0x00000000efd00000,0x00000000efd00000,0x00000000f0280000)
 ParOldGen       total 34816K, used 4989K [0x00000000c1c00000, 0x00000000c3e00000, 0x00000000eb400000)
  object space 34816K, 14% used [0x00000000c1c00000,0x00000000c20df458,0x00000000c3e00000)
 Metaspace       used 23175K, capacity 23920K, committed 24064K, reserved 1071104K
  class space    used 3053K, capacity 3229K, committed 3328K, reserved 1048576K
}
Event: 10.262 GC heap before
{Heap before GC invocations=13 (full 1):
 PSYoungGen      total 51712K, used 48939K [0x00000000eb400000, 0x00000000f0280000, 0x0000000100000000)
  eden space 46080K, 99% used [0x00000000eb400000,0x00000000ee0f0460,0x00000000ee100000)
  from space 5632K, 51% used [0x00000000ee100000,0x00000000ee3da978,0x00000000ee680000)
  to   space 5632K, 0% used [0x00000000efd00000,0x00000000efd00000,0x00000000f0280000)
 ParOldGen       total 34816K, used 4989K [0x00000000c1c00000, 0x00000000c3e00000, 0x00000000eb400000)
  object space 34816K, 14% used [0x00000000c1c00000,0x00000000c20df458,0x00000000c3e00000)
 Metaspace       used 23178K, capacity 23920K, committed 24064K, reserved 1071104K
  class space    used 3053K, capacity 3229K, committed 3328K, reserved 1048576K
Event: 10.267 GC heap after
Heap after GC invocations=13 (full 1):
 PSYoungGen      total 75264K, used 2962K [0x00000000eb400000, 0x00000000f0280000, 0x0000000100000000)
  eden space 69632K, 0% used [0x00000000eb400000,0x00000000eb400000,0x00000000ef800000)
  from space 5632K, 52% used [0x00000000efd00000,0x00000000effe49c0,0x00000000f0280000)
  to   space 5120K, 0% used [0x00000000ef800000,0x00000000ef800000,0x00000000efd00000)
 ParOldGen       total 34816K, used 5109K [0x00000000c1c00000, 0x00000000c3e00000, 0x00000000eb400000)
  object space 34816K, 14% used [0x00000000c1c00000,0x00000000c20fd458,0x00000000c3e00000)
 Metaspace       used 23178K, capacity 23920K, committed 24064K, reserved 1071104K
  class space    used 3053K, capacity 3229K, committed 3328K, reserved 1048576K
}
Event: 10.304 GC heap before
{Heap before GC invocations=14 (full 1):
 PSYoungGen      total 75264K, used 72589K [0x00000000eb400000, 0x00000000f0280000, 0x0000000100000000)
  eden space 69632K, 99% used [0x00000000eb400000,0x00000000ef7feb80,0x00000000ef800000)
  from space 5632K, 52% used [0x00000000efd00000,0x00000000effe49c0,0x00000000f0280000)
  to   space 5120K, 0% used [0x00000000ef800000,0x00000000ef800000,0x00000000efd00000)
 ParOldGen       total 34816K, used 5109K [0x00000000c1c00000, 0x00000000c3e00000, 0x00000000eb400000)
  object space 34816K, 14% used [0x00000000c1c00000,0x00000000c20fd458,0x00000000c3e00000)
 Metaspace       used 23183K, capacity 23920K, committed 24064K, reserved 1071104K
  class space    used 3053K, capacity 3229K, committed 3328K, reserved 1048576K
Event: 10.306 GC heap after
Heap after GC invocations=14 (full 1):
 PSYoungGen      total 74752K, used 2785K [0x00000000eb400000, 0x00000000f2580000, 0x0000000100000000)
  eden space 69632K, 0% used [0x00000000eb400000,0x00000000eb400000,0x00000000ef800000)
  from space 5120K, 54% used [0x00000000ef800000,0x00000000efab84b0,0x00000000efd00000)
  to   space 5120K, 0% used [0x00000000f2080000,0x00000000f2080000,0x00000000f2580000)
 ParOldGen       total 34816K, used 5326K [0x00000000c1c00000, 0x00000000c3e00000, 0x00000000eb400000)
  object space 34816K, 15% used [0x00000000c1c00000,0x00000000c21338f8,0x00000000c3e00000)
 Metaspace       used 23183K, capacity 23920K, committed 24064K, reserved 1071104K
  class space    used 3053K, capacity 3229K, committed 3328K, reserved 1048576K
}

