# JRE version: Java(TM) SE Runtime Environment (8.0_60-b27) (build 1.8.0_60-b27)
# Java VM: Java HotSpot(TM) 64-Bit Server VM (25.60-b23 mixed mode windows-amd64 compressed oops)
Heap:
 PSYoungGen      total 175104K, used 74564K [0x00000000eb400000, 0x00000000fc880000, 0x0000000100000000)
  eden space 167936K, 44% used [0x00000000eb400000,0x00000000efcd11c8,0x00000000f5800000)
  from space 7168K, 0% used [0x00000000f5800000,0x00000000f5800000,0x00000000f5f00000)
  to   space 7168K, 0% used [0x00000000fc180000,0x00000000fc180000,0x00000000fc880000)
 ParOldGen       total 32768K, used 10947K [0x00000000c1c00000, 0x00000000c3c00000, 0x00000000eb400000)
  object space 32768K, 33% used [0x00000000c1c00000,0x00000000c26b0f48,0x00000000c3c00000)
 Metaspace       used 24695K, capacity 25766K, committed 25928K, reserved 1071104K
  class space    used 3346K, capacity 3600K, committed 3660K, reserved 1048576K
GC Heap History (10 events):
Event: 5.437 GC heap before
{Heap before GC invocations=10 (full 0):
 PSYoungGen      total 73216K, used 65789K [0x00000000eb400000, 0x00000000f2980000, 0x0000000100000000)
  eden space 65536K, 99% used [0x00000000eb400000,0x00000000ef3fec98,0x00000000ef400000)
  from space 7680K, 3% used [0x00000000ef400000,0x00000000ef4409c0,0x00000000efb80000)
  to   space 7680K, 0% used [0x00000000f2200000,0x00000000f2200000,0x00000000f2980000)
 ParOldGen       total 44032K, used 20348K [0x00000000c1c00000, 0x00000000c4700000, 0x00000000eb400000)
  object space 44032K, 46% used [0x00000000c1c00000,0x00000000c2fdf010,0x00000000c4700000)
 Metaspace       used 20226K, capacity 21150K, committed 21296K, reserved 1067008K
  class space    used 2943K, capacity 3174K, committed 3200K, reserved 1048576K
Event: 5.440 GC heap after
Heap after GC invocations=10 (full 0):
 PSYoungGen      total 112640K, used 441K [0x00000000eb400000, 0x00000000f2980000, 0x0000000100000000)
  eden space 104960K, 0% used [0x00000000eb400000,0x00000000eb400000,0x00000000f1a80000)
  from space 7680K, 5% used [0x00000000f2200000,0x00000000f226e4c0,0x00000000f2980000)
  to   space 7680K, 0% used [0x00000000f1a80000,0x00000000f1a80000,0x00000000f2200000)
 ParOldGen       total 44032K, used 20356K [0x00000000c1c00000, 0x00000000c4700000, 0x00000000eb400000)
  object space 44032K, 46% used [0x00000000c1c00000,0x00000000c2fe1010,0x00000000c4700000)
 Metaspace       used 20226K, capacity 21150K, committed 21296K, reserved 1067008K
  class space    used 2943K, capacity 3174K, committed 3200K, reserved 1048576K
}
Event: 5.472 GC heap before
{Heap before GC invocations=11 (full 0):
 PSYoungGen      total 112640K, used 7724K [0x00000000eb400000, 0x00000000f2980000, 0x0000000100000000)
  eden space 104960K, 6% used [0x00000000eb400000,0x00000000ebb1ce50,0x00000000f1a80000)
  from space 7680K, 5% used [0x00000000f2200000,0x00000000f226e4c0,0x00000000f2980000)
  to   space 7680K, 0% used [0x00000000f1a80000,0x00000000f1a80000,0x00000000f2200000)
 ParOldGen       total 44032K, used 20356K [0x00000000c1c00000, 0x00000000c4700000, 0x00000000eb400000)
  object space 44032K, 46% used [0x00000000c1c00000,0x00000000c2fe1010,0x00000000c4700000)
 Metaspace       used 20251K, capacity 21278K, committed 21552K, reserved 1067008K
  class space    used 2943K, capacity 3174K, committed 3200K, reserved 1048576K
Event: 5.473 GC heap after
Heap after GC invocations=11 (full 0):
 PSYoungGen      total 112640K, used 286K [0x00000000eb400000, 0x00000000f6700000, 0x0000000100000000)
  eden space 104960K, 0% used [0x00000000eb400000,0x00000000eb400000,0x00000000f1a80000)
  from space 7680K, 3% used [0x00000000f1a80000,0x00000000f1ac7968,0x00000000f2200000)
  to   space 7680K, 0% used [0x00000000f5f80000,0x00000000f5f80000,0x00000000f6700000)
 ParOldGen       total 44032K, used 20364K [0x00000000c1c00000, 0x00000000c4700000, 0x00000000eb400000)
  object space 44032K, 46% used [0x00000000c1c00000,0x00000000c2fe3010,0x00000000c4700000)
 Metaspace       used 20251K, capacity 21278K, committed 21552K, reserved 1067008K
  class space    used 2943K, capacity 3174K, committed 3200K, reserved 1048576K
}
Event: 5.545 GC heap before
{Heap before GC invocations=12 (full 0):
 PSYoungGen      total 112640K, used 8713K [0x00000000eb400000, 0x00000000f6700000, 0x0000000100000000)
  eden space 104960K, 8% used [0x00000000eb400000,0x00000000ebc3ac08,0x00000000f1a80000)
  from space 7680K, 3% used [0x00000000f1a80000,0x00000000f1ac7968,0x00000000f2200000)
  to   space 7680K, 0% used [0x00000000f5f80000,0x00000000f5f80000,0x00000000f6700000)
 ParOldGen       total 44032K, used 20364K [0x00000000c1c00000, 0x00000000c4700000, 0x00000000eb400000)
  object space 44032K, 46% used [0x00000000c1c00000,0x00000000c2fe3010,0x00000000c4700000)
 Metaspace       used 20619K, capacity 21566K, committed 21708K, reserved 1067008K
  class space    used 2978K, capacity 3206K, committed 3276K, reserved 1048576K
Event: 5.547 GC heap after
Heap after GC invocations=12 (full 0):
 PSYoungGen      total 174592K, used 640K [0x00000000eb400000, 0x00000000f6600000, 0x0000000100000000)
  eden space 167936K, 0% used [0x00000000eb400000,0x00000000eb400000,0x00000000f5800000)
  from space 6656K, 9% used [0x00000000f5f80000,0x00000000f6020010,0x00000000f6600000)
  to   space 7168K, 0% used [0x00000000f5800000,0x00000000f5800000,0x00000000f5f00000)
 ParOldGen       total 44032K, used 20586K [0x00000000c1c00000, 0x00000000c4700000, 0x00000000eb400000)
  object space 44032K, 46% used [0x00000000c1c00000,0x00000000c301a978,0x00000000c4700000)
 Metaspace       used 20619K, capacity 21566K, committed 21708K, reserved 1067008K
  class space    used 2978K, capacity 3206K, committed 3276K, reserved 1048576K
}
Event: 6.555 GC heap before
{Heap before GC invocations=13 (full 0):
 PSYoungGen      total 174592K, used 15113K [0x00000000eb400000, 0x00000000f6600000, 0x0000000100000000)
  eden space 167936K, 8% used [0x00000000eb400000,0x00000000ec222548,0x00000000f5800000)
  from space 6656K, 9% used [0x00000000f5f80000,0x00000000f6020010,0x00000000f6600000)
  to   space 7168K, 0% used [0x00000000f5800000,0x00000000f5800000,0x00000000f5f00000)
 ParOldGen       total 44032K, used 20586K [0x00000000c1c00000, 0x00000000c4700000, 0x00000000eb400000)
  object space 44032K, 46% used [0x00000000c1c00000,0x00000000c301a978,0x00000000c4700000)
 Metaspace       used 20945K, capacity 21922K, committed 21960K, reserved 1069056K
  class space    used 3011K, capacity 3254K, committed 3276K, reserved 1048576K
Event: 6.558 GC heap after
Heap after GC invocations=13 (full 0):
 PSYoungGen      total 175104K, used 912K [0x00000000eb400000, 0x00000000fc880000, 0x0000000100000000)
  eden space 167936K, 0% used [0x00000000eb400000,0x00000000eb400000,0x00000000f5800000)
  from space 7168K, 12% used [0x00000000f5800000,0x00000000f58e4050,0x00000000f5f00000)
  to   space 7168K, 0% used [0x00000000fc180000,0x00000000fc180000,0x00000000fc880000)
 ParOldGen       total 44032K, used 21118K [0x00000000c1c00000, 0x00000000c4700000, 0x00000000eb400000)
  object space 44032K, 47% used [0x00000000c1c00000,0x00000000c309f998,0x00000000c4700000)
 Metaspace       used 20945K, capacity 21922K, committed 21960K, reserved 1069056K
  class space    used 3011K, capacity 3254K, committed 3276K, reserved 1048576K
}
Event: 6.558 GC heap before
{Heap before GC invocations=14 (full 1):
 PSYoungGen      total 175104K, used 912K [0x00000000eb400000, 0x00000000fc880000, 0x0000000100000000)
  eden space 167936K, 0% used [0x00000000eb400000,0x00000000eb400000,0x00000000f5800000)
  from space 7168K, 12% used [0x00000000f5800000,0x00000000f58e4050,0x00000000f5f00000)
  to   space 7168K, 0% used [0x00000000fc180000,0x00000000fc180000,0x00000000fc880000)
 ParOldGen       total 44032K, used 21118K [0x00000000c1c00000, 0x00000000c4700000, 0x00000000eb400000)
  object space 44032K, 47% used [0x00000000c1c00000,0x00000000c309f998,0x00000000c4700000)
 Metaspace       used 20945K, capacity 21922K, committed 21960K, reserved 1069056K
  class space    used 3011K, capacity 3254K, committed 3276K, reserved 1048576K
Event: 6.595 GC heap after
Heap after GC invocations=14 (full 1):
 PSYoungGen      total 175104K, used 0K [0x00000000eb400000, 0x00000000fc880000, 0x0000000100000000)
  eden space 167936K, 0% used [0x00000000eb400000,0x00000000eb400000,0x00000000f5800000)
  from space 7168K, 0% used [0x00000000f5800000,0x00000000f5800000,0x00000000f5f00000)
  to   space 7168K, 0% used [0x00000000fc180000,0x00000000fc180000,0x00000000fc880000)
 ParOldGen       total 32768K, used 10947K [0x00000000c1c00000, 0x00000000c3c00000, 0x00000000eb400000)
  object space 32768K, 33% used [0x00000000c1c00000,0x00000000c26b0f48,0x00000000c3c00000)
 Metaspace       used 20945K, capacity 21922K, committed 21960K, reserved 1069056K
  class space    used 3011K, capacity 3254K, committed 3276K, reserved 1048576K
}

